2021-06-18T14:46:06+00:00 CRITICAL Uncaught Error: Call to a member function get_ID() on null in C:\OpenServer\domains\vw-mats.ru\wp-content\plugins\anti-func\anti-func.php:245
Stack trace:
#0 C:\OpenServer\domains\vw-mats.ru\wp-includes\class-wp-hook.php(292): woocommerce_template_loop_product_link_close()
#1 C:\OpenServer\domains\vw-mats.ru\wp-includes\class-wp-hook.php(316): WP_Hook->apply_filters()
#2 C:\OpenServer\domains\vw-mats.ru\wp-includes\plugin.php(484): WP_Hook->do_action()
#3 C:\OpenServer\domains\vw-mats.ru\wp-content\themes\mats-vw\woocommerce\content-product.php(65): do_action()
#4 C:\OpenServer\domains\vw-mats.ru\wp-includes\template.php(732): require('C:\\OpenServer\\d...')
#5 C:\OpenServer\domains\vw-mats.ru\wp-content\plugins\woocommerce\includes\wc-core-functions.php(284): load_template()
#6 C:\OpenServer\domains\vw-mats.ru\wp-content\themes\mats-vw\woocommerce\archive-product.php(71): wc_get_template_part()
#7 C:\OpenServer\domains\vw-mats.ru\wp-content\plugins\woocommerce\includes\wc-core-functions.php(345): include('C: в C:\OpenServer\domains\vw-mats.ru\wp-content\plugins\anti-func\anti-func.php на строке 245

2021-06-18T15:27:17+00:00 CRITICAL Uncaught Error: Call to a member function get_ID() on string in C:\OpenServer\domains\vw-mats.ru\wp-content\plugins\anti-func\anti-func.php:156
Stack trace:
#0 C:\OpenServer\domains\vw-mats.ru\wp-includes\class-wp-hook.php(292): woocommerce_before_main_content_div()
#1 C:\OpenServer\domains\vw-mats.ru\wp-includes\class-wp-hook.php(316): WP_Hook->apply_filters()
#2 C:\OpenServer\domains\vw-mats.ru\wp-includes\plugin.php(484): WP_Hook->do_action()
#3 C:\OpenServer\domains\vw-mats.ru\wp-content\themes\mats-vw\woocommerce\single-product.php(31): do_action()
#4 C:\OpenServer\domains\vw-mats.ru\wp-includes\template-loader.php(106): include('C:\\OpenServer\\d...')
#5 C:\OpenServer\domains\vw-mats.ru\wp-blog-header.php(19): require_once('C:\\OpenServer\\d...')
#6 C:\OpenServer\domains\vw-mats.ru\index.php(17): require('C:\\OpenServer\\d...')
#7 {main}
  thrown в C:\OpenServer\domains\vw-mats.ru\wp-content\plugins\anti-func\anti-func.php на строке 156

2021-06-18T15:38:59+00:00 CRITICAL Uncaught Error: Call to a member function get_type() on bool in C:\OpenServer\domains\vw-mats.ru\wp-content\plugins\anti-func\anti-func.php:156
Stack trace:
#0 C:\OpenServer\domains\vw-mats.ru\wp-includes\class-wp-hook.php(292): woocommerce_before_main_content_div()
#1 C:\OpenServer\domains\vw-mats.ru\wp-includes\class-wp-hook.php(316): WP_Hook->apply_filters()
#2 C:\OpenServer\domains\vw-mats.ru\wp-includes\plugin.php(484): WP_Hook->do_action()
#3 C:\OpenServer\domains\vw-mats.ru\wp-content\themes\mats-vw\woocommerce\single-product.php(31): do_action()
#4 C:\OpenServer\domains\vw-mats.ru\wp-includes\template-loader.php(106): include('C:\\OpenServer\\d...')
#5 C:\OpenServer\domains\vw-mats.ru\wp-blog-header.php(19): require_once('C:\\OpenServer\\d...')
#6 C:\OpenServer\domains\vw-mats.ru\index.php(17): require('C:\\OpenServer\\d...')
#7 {main}
  thrown в C:\OpenServer\domains\vw-mats.ru\wp-content\plugins\anti-func\anti-func.php на строке 156

2021-06-18T15:39:26+00:00 CRITICAL Uncaught Error: Call to a member function get_type() on bool in C:\OpenServer\domains\vw-mats.ru\wp-content\plugins\anti-func\anti-func.php:156
Stack trace:
#0 C:\OpenServer\domains\vw-mats.ru\wp-includes\class-wp-hook.php(292): woocommerce_before_main_content_div()
#1 C:\OpenServer\domains\vw-mats.ru\wp-includes\class-wp-hook.php(316): WP_Hook->apply_filters()
#2 C:\OpenServer\domains\vw-mats.ru\wp-includes\plugin.php(484): WP_Hook->do_action()
#3 C:\OpenServer\domains\vw-mats.ru\wp-content\themes\mats-vw\woocommerce\single-product.php(31): do_action()
#4 C:\OpenServer\domains\vw-mats.ru\wp-includes\template-loader.php(106): include('C:\\OpenServer\\d...')
#5 C:\OpenServer\domains\vw-mats.ru\wp-blog-header.php(19): require_once('C:\\OpenServer\\d...')
#6 C:\OpenServer\domains\vw-mats.ru\index.php(17): require('C:\\OpenServer\\d...')
#7 {main}
  thrown в C:\OpenServer\domains\vw-mats.ru\wp-content\plugins\anti-func\anti-func.php на строке 156

2021-06-18T16:13:06+00:00 CRITICAL Cannot redeclare woocommerce_output_all_notices() (previously declared in C:\OpenServer\domains\vw-mats.ru\wp-content\plugins\anti-func\anti-func.php:307) в C:\OpenServer\domains\vw-mats.ru\wp-content\plugins\woocommerce\includes\wc-template-functions.php на строке 3725

2021-06-18T16:15:01+00:00 CRITICAL Cannot redeclare woocommerce_output_all_notices() (previously declared in C:\OpenServer\domains\vw-mats.ru\wp-content\plugins\anti-func\anti-func.php:307) в C:\OpenServer\domains\vw-mats.ru\wp-content\plugins\woocommerce\includes\wc-template-functions.php на строке 3725

2021-06-18T16:15:27+00:00 CRITICAL Cannot redeclare woocommerce_output_all_notices() (previously declared in C:\OpenServer\domains\vw-mats.ru\wp-content\plugins\anti-func\anti-func.php:308) в C:\OpenServer\domains\vw-mats.ru\wp-content\plugins\woocommerce\includes\wc-template-functions.php на строке 3725

2021-06-18T16:23:58+00:00 CRITICAL Cannot redeclare woocommerce_output_all_notices() (previously declared in C:\OpenServer\domains\vw-mats.ru\wp-content\plugins\anti-func\anti-func.php:308) в C:\OpenServer\domains\vw-mats.ru\wp-content\plugins\woocommerce\includes\wc-template-functions.php на строке 3725

2021-06-18T16:24:16+00:00 CRITICAL Cannot redeclare woocommerce_output_all_notices() (previously declared in C:\OpenServer\domains\vw-mats.ru\wp-content\plugins\anti-func\anti-func.php:308) в C:\OpenServer\domains\vw-mats.ru\wp-content\plugins\woocommerce\includes\wc-template-functions.php на строке 3725

2021-06-18T16:25:05+00:00 CRITICAL Cannot redeclare woocommerce_output_all_notices() (previously declared in C:\OpenServer\domains\vw-mats.ru\wp-content\plugins\anti-func\anti-func.php:308) в C:\OpenServer\domains\vw-mats.ru\wp-content\plugins\woocommerce\includes\wc-template-functions.php на строке 3725

2021-06-18T16:25:44+00:00 CRITICAL Cannot redeclare woocommerce_output_all_notices() (previously declared in C:\OpenServer\domains\vw-mats.ru\wp-content\plugins\anti-func\anti-func.php:310) в C:\OpenServer\domains\vw-mats.ru\wp-content\plugins\woocommerce\includes\wc-template-functions.php на строке 3725

2021-06-18T16:25:54+00:00 CRITICAL Cannot redeclare woocommerce_output_all_notices() (previously declared in C:\OpenServer\domains\vw-mats.ru\wp-content\plugins\anti-func\anti-func.php:310) в C:\OpenServer\domains\vw-mats.ru\wp-content\plugins\woocommerce\includes\wc-template-functions.php на строке 3725

2021-06-18T16:26:13+00:00 CRITICAL Cannot redeclare woocommerce_output_all_notices() (previously declared in C:\OpenServer\domains\vw-mats.ru\wp-content\plugins\anti-func\anti-func.php:311) в C:\OpenServer\domains\vw-mats.ru\wp-content\plugins\woocommerce\includes\wc-template-functions.php на строке 3725

2021-06-18T17:20:00+00:00 CRITICAL syntax error, unexpected 'apply_filters' (T_STRING), expecting ';' or ',' в C:\OpenServer\domains\vw-mats.ru\wp-content\themes\mats-vw\woocommerce\single-product\product-thumbnails.php на строке 31

2021-06-18T17:20:05+00:00 CRITICAL syntax error, unexpected 'apply_filters' (T_STRING), expecting ';' or ',' в C:\OpenServer\domains\vw-mats.ru\wp-content\themes\mats-vw\woocommerce\single-product\product-thumbnails.php на строке 31

